Start testing: Mar 12 13:20 CET
----------------------------------------------------------
1/3 Testing: api_fastq_coversion_test
1/3 Test: api_fastq_coversion_test
Command: "/Users/mostafaelkhatib/Desktop/swp-25-repo/swp25-tutorial/build/api_fastq_coversion_test"
Directory: /Users/mostafaelkhatib/Desktop/swp-25-repo/swp25-tutorial/build/test
"api_fastq_coversion_test" start time: Mar 12 13:20 CET
Output:
----------------------------------------------------------
Running main() from /Users/mostafaelkhatib/Desktop/swp-25-repo/swp25-tutorial/build/_deps/gtest-src/googletest/src/gtest_main.cc
[==========] Running 2 tests from 1 test suite.
[----------] Global test environment set-up.
[----------] 2 tests from fastq_to_fasta
[ RUN      ] fastq_to_fasta.out_empty
[       OK ] fastq_to_fasta.out_empty (1 ms)
[ RUN      ] fastq_to_fasta.out_not_empty
[       OK ] fastq_to_fasta.out_not_empty (0 ms)
[----------] 2 tests from fastq_to_fasta (2 ms total)

[----------] Global test environment tear-down
[==========] 2 tests from 1 test suite ran. (2 ms total)
[  PASSED  ] 2 tests.
<end of output>
Test time =   0.03 sec
----------------------------------------------------------
Test Passed.
"api_fastq_coversion_test" end time: Mar 12 13:20 CET
"api_fastq_coversion_test" time elapsed: 00:00:00
----------------------------------------------------------

2/3 Testing: cli_fastq_coversion_test
2/3 Test: cli_fastq_coversion_test
Command: "/Users/mostafaelkhatib/Desktop/swp-25-repo/swp25-tutorial/build/cli_fastq_coversion_test"
Directory: /Users/mostafaelkhatib/Desktop/swp-25-repo/swp25-tutorial/build/test
"cli_fastq_coversion_test" start time: Mar 12 13:20 CET
Output:
----------------------------------------------------------
Running main() from /Users/mostafaelkhatib/Desktop/swp-25-repo/swp25-tutorial/build/_deps/gtest-src/googletest/src/gtest_main.cc
[==========] Running 7 tests from 1 test suite.
[----------] Global test environment set-up.
[----------] 7 tests from fastq_to_fasta
[ RUN      ] fastq_to_fasta.no_options
[       OK ] fastq_to_fasta.no_options (31 ms)
[ RUN      ] fastq_to_fasta.fail_no_argument
[       OK ] fastq_to_fasta.fail_no_argument (24 ms)
[ RUN      ] fastq_to_fasta.with_argument
[       OK ] fastq_to_fasta.with_argument (25 ms)
[ RUN      ] fastq_to_fasta.with_argument_verbose
[       OK ] fastq_to_fasta.with_argument_verbose (28 ms)
[ RUN      ] fastq_to_fasta.with_out_file
[       OK ] fastq_to_fasta.with_out_file (24 ms)
[ RUN      ] fastq_to_fasta.missing_path
[       OK ] fastq_to_fasta.missing_path (25 ms)
[ RUN      ] fastq_to_fasta.invalid_path
[       OK ] fastq_to_fasta.invalid_path (24 ms)
[----------] 7 tests from fastq_to_fasta (184 ms total)

[----------] Global test environment tear-down
[==========] 7 tests from 1 test suite ran. (184 ms total)
[  PASSED  ] 7 tests.
<end of output>
Test time =   0.20 sec
----------------------------------------------------------
Test Passed.
"cli_fastq_coversion_test" end time: Mar 12 13:20 CET
"cli_fastq_coversion_test" time elapsed: 00:00:00
----------------------------------------------------------

3/3 Testing: print_test
3/3 Test: print_test
Command: "/Users/mostafaelkhatib/Desktop/swp-25-repo/swp25-tutorial/build/print_test"
Directory: /Users/mostafaelkhatib/Desktop/swp-25-repo/swp25-tutorial/build/test
"print_test" start time: Mar 12 13:20 CET
Output:
----------------------------------------------------------
Running main() from /Users/mostafaelkhatib/Desktop/swp-25-repo/swp25-tutorial/build/_deps/gtest-src/googletest/src/gtest_main.cc
[==========] Running 1 test from 1 test suite.
[----------] Global test environment set-up.
[----------] 1 test from print_test
[ RUN      ] print_test.check_output
/Users/mostafaelkhatib/Desktop/swp-25-repo/swp25-tutorial/test/print_test.cpp:23: Failure
Expected equality of these values:
  std_out
    Which is: "2\nHello\n"
  expected
    Which is: "2\nHello!\n"
With diff:
@@ -1,2 +1,2 @@
 2
-Hello\n
+Hello!\n


[  FAILED  ] print_test.check_output (0 ms)
[----------] 1 test from print_test (0 ms total)

[----------] Global test environment tear-down
[==========] 1 test from 1 test suite ran. (0 ms total)
[  PASSED  ] 0 tests.
[  FAILED  ] 1 test, listed below:
[  FAILED  ] print_test.check_output

 1 FAILED TEST
<end of output>
Test time =   0.22 sec
----------------------------------------------------------
Test Failed.
"print_test" end time: Mar 12 13:20 CET
"print_test" time elapsed: 00:00:00
----------------------------------------------------------

End testing: Mar 12 13:20 CET
